*********************************************************************
* LD Score Regression (LDSC)
* Version 1.0.1
* (C) 2014-2019 Brendan Bulik-Sullivan and Hilary Finucane
* Broad Institute of MIT and Harvard / MIT Department of Mathematics
* GNU General Public License v3
*********************************************************************
Call: 
./ldsc.py \
--ref-ld-chr eur_w_ld_chr/ \
--out J:/CBMR/SUN-CBMR-Kilpelainen-Group/Team projects/Hermina_and_Mario/IR_BW_AIM4/CODE/2_Genetic_Correlations/output/LDSC/CIR_FBW_LDSC.txt \
--rg J:/CBMR/SUN-CBMR-Kilpelainen-Group/Team projects/Hermina_and_Mario/IR_BW_AIM4/CODE/2_Genetic_Correlations/MUNGED_DATA/CIR_4_LDSC.txt.sumstats.gz,J:/CBMR/SUN-CBMR-Kilpelainen-Group/Team projects/Hermina_and_Mario/IR_BW_AIM4/CODE/2_Genetic_Correlations/MUNGED_DATA/FBW_4_LDSC.txt.sumstats.gz \
--w-ld-chr eur_w_ld_chr/ 

Beginning analysis at Thu Feb 24 12:59:15 2022
Reading summary statistics from J:/CBMR/SUN-CBMR-Kilpelainen-Group/Team projects/Hermina_and_Mario/IR_BW_AIM4/CODE/2_Genetic_Correlations/MUNGED_DATA/CIR_4_LDSC.txt.sumstats.gz ...
Read summary statistics for 1055327 SNPs.
Reading reference panel LD Score from eur_w_ld_chr/[1-22] ... (ldscore_fromlist)
Read reference panel LD Scores for 1290028 SNPs.
Removing partitioned LD Scores with zero variance.
Reading regression weight LD Score from eur_w_ld_chr/[1-22] ... (ldscore_fromlist)
Read regression weight LD Scores for 1290028 SNPs.
After merging with reference panel LD, 1053680 SNPs remain.
After merging with regression SNP LD, 1053680 SNPs remain.
Computing rg for phenotype 2/2
Reading summary statistics from J:/CBMR/SUN-CBMR-Kilpelainen-Group/Team projects/Hermina_and_Mario/IR_BW_AIM4/CODE/2_Genetic_Correlations/MUNGED_DATA/FBW_4_LDSC.txt.sumstats.gz ...
Read summary statistics for 1217311 SNPs.
After merging with summary statistics, 1053680 SNPs remain.
1049826 SNPs with valid alleles.

Heritability of phenotype 1
---------------------------
Total Observed scale h2: 0.1508 (0.0886)
Lambda GC: 1.0135
Mean Chi^2: 1.0161
Intercept: 1.0009 (0.0066)
Ratio: 0.0571 (0.4078)

Heritability of phenotype 2/2
-----------------------------
Total Observed scale h2: 0.0787 (0.0044)
Lambda GC: 1.4281
Mean Chi^2: 1.7322
Intercept: 1.0852 (0.0191)
Ratio: 0.1164 (0.0261)

Genetic Covariance
------------------
Total Observed scale gencov: 0.0282 (0.0123)
Mean z1*z2: 0.0205
Intercept: -0.0064 (0.0057)

Genetic Correlation
-------------------
Genetic Correlation: 0.2587 (0.1327)
Z-score: 1.9493
P: 0.0513


Summary of Genetic Correlation Results
                                                                                                                                               p1                                                                                                                                                p2      rg      se       z       p  h2_obs  h2_obs_se  h2_int  h2_int_se  gcov_int  gcov_int_se
 J:/CBMR/SUN-CBMR-Kilpelainen-Group/Team projects/Hermina_and_Mario/IR_BW_AIM4/CODE/2_Genetic_Correlations/MUNGED_DATA/CIR_4_LDSC.txt.sumstats.gz  J:/CBMR/SUN-CBMR-Kilpelainen-Group/Team projects/Hermina_and_Mario/IR_BW_AIM4/CODE/2_Genetic_Correlations/MUNGED_DATA/FBW_4_LDSC.txt.sumstats.gz  0.2587  0.1327  1.9493  0.0513  0.0787     0.0044  1.0852     0.0191   -0.0064       0.0057

Analysis finished at Thu Feb 24 12:59:58 2022
Total time elapsed: 42.16s
