*********************************************************************
* LD Score Regression (LDSC)
* Version 1.0.1
* (C) 2014-2019 Brendan Bulik-Sullivan and Hilary Finucane
* Broad Institute of MIT and Harvard / MIT Department of Mathematics
* GNU General Public License v3
*********************************************************************
Call: 
./ldsc.py \
--ref-ld-chr eur_w_ld_chr/ \
--out J:/CBMR/SUN-CBMR-Kilpelainen-Group/Team projects/Hermina_and_Mario/IR_BW_AIM4/CODE/2_Genetic_Correlations/output/LDSC/CIR_MBWadj_LDSC.txt \
--rg J:/CBMR/SUN-CBMR-Kilpelainen-Group/Team projects/Hermina_and_Mario/IR_BW_AIM4/CODE/2_Genetic_Correlations/MUNGED_DATA/CIR_4_LDSC.txt.sumstats.gz,J:/CBMR/SUN-CBMR-Kilpelainen-Group/Team projects/Hermina_and_Mario/IR_BW_AIM4/CODE/2_Genetic_Correlations/MUNGED_DATA/MBWadj_4_LDSC.txt.sumstats.gz \
--w-ld-chr eur_w_ld_chr/ 

Beginning analysis at Thu Feb 24 13:14:43 2022
Reading summary statistics from J:/CBMR/SUN-CBMR-Kilpelainen-Group/Team projects/Hermina_and_Mario/IR_BW_AIM4/CODE/2_Genetic_Correlations/MUNGED_DATA/CIR_4_LDSC.txt.sumstats.gz ...
Read summary statistics for 1055327 SNPs.
Reading reference panel LD Score from eur_w_ld_chr/[1-22] ... (ldscore_fromlist)
Read reference panel LD Scores for 1290028 SNPs.
Removing partitioned LD Scores with zero variance.
Reading regression weight LD Score from eur_w_ld_chr/[1-22] ... (ldscore_fromlist)
Read regression weight LD Scores for 1290028 SNPs.
After merging with reference panel LD, 1053680 SNPs remain.
After merging with regression SNP LD, 1053680 SNPs remain.
Computing rg for phenotype 2/2
Reading summary statistics from J:/CBMR/SUN-CBMR-Kilpelainen-Group/Team projects/Hermina_and_Mario/IR_BW_AIM4/CODE/2_Genetic_Correlations/MUNGED_DATA/MBWadj_4_LDSC.txt.sumstats.gz ...
Read summary statistics for 1217311 SNPs.
After merging with summary statistics, 1053680 SNPs remain.
1052551 SNPs with valid alleles.

Heritability of phenotype 1
---------------------------
Total Observed scale h2: 0.1531 (0.0874)
Lambda GC: 1.0135
Mean Chi^2: 1.0161
Intercept: 1.0007 (0.0065)
Ratio: 0.0426 (0.4007)

Heritability of phenotype 2/2
-----------------------------
Total Observed scale h2: 0.04 (0.0036)
Lambda GC: 1.1491
Mean Chi^2: 1.192
Intercept: 1.0243 (0.0086)
Ratio: 0.1264 (0.0446)

Genetic Covariance
------------------
Total Observed scale gencov: -0.0084 (0.0114)
Mean z1*z2: -0.0039
Intercept: 0.0023 (0.005)

Genetic Correlation
-------------------
Genetic Correlation: -0.1079 (0.1453)
Z-score: -0.7424
P: 0.4579


Summary of Genetic Correlation Results
                                                                                                                                               p1                                                                                                                                                   p2      rg      se       z       p  h2_obs  h2_obs_se  h2_int  h2_int_se  gcov_int  gcov_int_se
 J:/CBMR/SUN-CBMR-Kilpelainen-Group/Team projects/Hermina_and_Mario/IR_BW_AIM4/CODE/2_Genetic_Correlations/MUNGED_DATA/CIR_4_LDSC.txt.sumstats.gz  J:/CBMR/SUN-CBMR-Kilpelainen-Group/Team projects/Hermina_and_Mario/IR_BW_AIM4/CODE/2_Genetic_Correlations/MUNGED_DATA/MBWadj_4_LDSC.txt.sumstats.gz -0.1079  0.1453 -0.7424  0.4579    0.04     0.0036  1.0243     0.0086    0.0023        0.005

Analysis finished at Thu Feb 24 13:15:12 2022
Total time elapsed: 28.91s
