*********************************************************************
* LD Score Regression (LDSC)
* Version 1.0.1
* (C) 2014-2019 Brendan Bulik-Sullivan and Hilary Finucane
* Broad Institute of MIT and Harvard / MIT Department of Mathematics
* GNU General Public License v3
*********************************************************************
Call: 
./ldsc.py \
--ref-ld-chr eur_w_ld_chr/ \
--out J:/CBMR/SUN-CBMR-Kilpelainen-Group/Team projects/Hermina_and_Mario/IR_BW_AIM4/CODE/2_Genetic_Correlations/output/LDSC/CIR_FBWadj_LDSC.txt \
--rg J:/CBMR/SUN-CBMR-Kilpelainen-Group/Team projects/Hermina_and_Mario/IR_BW_AIM4/CODE/2_Genetic_Correlations/MUNGED_DATA/CIR_4_LDSC.txt.sumstats.gz,J:/CBMR/SUN-CBMR-Kilpelainen-Group/Team projects/Hermina_and_Mario/IR_BW_AIM4/CODE/2_Genetic_Correlations/MUNGED_DATA/FBWadj_4_LDSC.txt.sumstats.gz \
--w-ld-chr eur_w_ld_chr/ 

Beginning analysis at Thu Feb 24 13:03:24 2022
Reading summary statistics from J:/CBMR/SUN-CBMR-Kilpelainen-Group/Team projects/Hermina_and_Mario/IR_BW_AIM4/CODE/2_Genetic_Correlations/MUNGED_DATA/CIR_4_LDSC.txt.sumstats.gz ...
Read summary statistics for 1055327 SNPs.
Reading reference panel LD Score from eur_w_ld_chr/[1-22] ... (ldscore_fromlist)
Read reference panel LD Scores for 1290028 SNPs.
Removing partitioned LD Scores with zero variance.
Reading regression weight LD Score from eur_w_ld_chr/[1-22] ... (ldscore_fromlist)
Read regression weight LD Scores for 1290028 SNPs.
After merging with reference panel LD, 1053680 SNPs remain.
After merging with regression SNP LD, 1053680 SNPs remain.
Computing rg for phenotype 2/2
Reading summary statistics from J:/CBMR/SUN-CBMR-Kilpelainen-Group/Team projects/Hermina_and_Mario/IR_BW_AIM4/CODE/2_Genetic_Correlations/MUNGED_DATA/FBWadj_4_LDSC.txt.sumstats.gz ...
Read summary statistics for 1217311 SNPs.
After merging with summary statistics, 1053680 SNPs remain.
1052607 SNPs with valid alleles.

Heritability of phenotype 1
---------------------------
Total Observed scale h2: 0.1537 (0.0873)
Lambda GC: 1.0135
Mean Chi^2: 1.0161
Intercept: 1.0006 (0.0064)
Ratio: 0.0392 (0.3999)

Heritability of phenotype 2/2
-----------------------------
Total Observed scale h2: 0.0296 (0.0029)
Lambda GC: 1.1491
Mean Chi^2: 1.203
Intercept: 1.0379 (0.0092)
Ratio: 0.1867 (0.0452)

Genetic Covariance
------------------
Total Observed scale gencov: 0.0247 (0.011)
Mean z1*z2: 0.0138
Intercept: -0.0055 (0.0049)

Genetic Correlation
-------------------
Genetic Correlation: 0.367 (0.1782)
Z-score: 2.0594
P: 0.0395


Summary of Genetic Correlation Results
                                                                                                                                               p1                                                                                                                                                   p2     rg      se       z       p  h2_obs  h2_obs_se  h2_int  h2_int_se  gcov_int  gcov_int_se
 J:/CBMR/SUN-CBMR-Kilpelainen-Group/Team projects/Hermina_and_Mario/IR_BW_AIM4/CODE/2_Genetic_Correlations/MUNGED_DATA/CIR_4_LDSC.txt.sumstats.gz  J:/CBMR/SUN-CBMR-Kilpelainen-Group/Team projects/Hermina_and_Mario/IR_BW_AIM4/CODE/2_Genetic_Correlations/MUNGED_DATA/FBWadj_4_LDSC.txt.sumstats.gz  0.367  0.1782  2.0594  0.0395  0.0296     0.0029  1.0379     0.0092   -0.0055       0.0049

Analysis finished at Thu Feb 24 13:03:56 2022
Total time elapsed: 32.66s
