*********************************************************************
* LD Score Regression (LDSC)
* Version 1.0.1
* (C) 2014-2019 Brendan Bulik-Sullivan and Hilary Finucane
* Broad Institute of MIT and Harvard / MIT Department of Mathematics
* GNU General Public License v3
*********************************************************************
Call: 
./ldsc.py \
--ref-ld-chr eur_w_ld_chr/ \
--out J:/CBMR/SUN-CBMR-Kilpelainen-Group/Team projects/Hermina_and_Mario/IR_BW_AIM4/CODE/2_Genetic_Correlations/output/LDSC/CIRadjISI_MBW_LDSC.txt \
--rg J:/CBMR/SUN-CBMR-Kilpelainen-Group/Team projects/Hermina_and_Mario/IR_BW_AIM4/CODE/2_Genetic_Correlations/MUNGED_DATA/CIRadjISI_4_LDSC.txt.sumstats.gz,J:/CBMR/SUN-CBMR-Kilpelainen-Group/Team projects/Hermina_and_Mario/IR_BW_AIM4/CODE/2_Genetic_Correlations/MUNGED_DATA/MBW_4_LDSC.txt.sumstats.gz \
--w-ld-chr eur_w_ld_chr/ 

Beginning analysis at Thu Feb 24 13:26:55 2022
Reading summary statistics from J:/CBMR/SUN-CBMR-Kilpelainen-Group/Team projects/Hermina_and_Mario/IR_BW_AIM4/CODE/2_Genetic_Correlations/MUNGED_DATA/CIRadjISI_4_LDSC.txt.sumstats.gz ...
Read summary statistics for 1054650 SNPs.
Reading reference panel LD Score from eur_w_ld_chr/[1-22] ... (ldscore_fromlist)
Read reference panel LD Scores for 1290028 SNPs.
Removing partitioned LD Scores with zero variance.
Reading regression weight LD Score from eur_w_ld_chr/[1-22] ... (ldscore_fromlist)
Read regression weight LD Scores for 1290028 SNPs.
After merging with reference panel LD, 1053062 SNPs remain.
After merging with regression SNP LD, 1053062 SNPs remain.
Computing rg for phenotype 2/2
Reading summary statistics from J:/CBMR/SUN-CBMR-Kilpelainen-Group/Team projects/Hermina_and_Mario/IR_BW_AIM4/CODE/2_Genetic_Correlations/MUNGED_DATA/MBW_4_LDSC.txt.sumstats.gz ...
Read summary statistics for 1217311 SNPs.
After merging with summary statistics, 1053062 SNPs remain.
1050287 SNPs with valid alleles.

Heritability of phenotype 1
---------------------------
Total Observed scale h2: 0.0906 (0.095)
Lambda GC: 1.0105
Mean Chi^2: 1.0143
Intercept: 1.0058 (0.0066)
Ratio: 0.4036 (0.4652)

Heritability of phenotype 2/2
-----------------------------
Total Observed scale h2: 0.0938 (0.0054)
Lambda GC: 1.3101
Mean Chi^2: 1.5312
Intercept: 1.0292 (0.0131)
Ratio: 0.055 (0.0246)

Genetic Covariance
------------------
Total Observed scale gencov: 0.0073 (0.0125)
Mean z1*z2: 0.0037
Intercept: -0.0005 (0.0054)

Genetic Correlation
-------------------
Genetic Correlation: 0.0793 (0.1437)
Z-score: 0.5521
P: 0.5809


Summary of Genetic Correlation Results
                                                                                                                                                     p1                                                                                                                                                p2      rg      se       z       p  h2_obs  h2_obs_se  h2_int  h2_int_se  gcov_int  gcov_int_se
 J:/CBMR/SUN-CBMR-Kilpelainen-Group/Team projects/Hermina_and_Mario/IR_BW_AIM4/CODE/2_Genetic_Correlations/MUNGED_DATA/CIRadjISI_4_LDSC.txt.sumstats.gz  J:/CBMR/SUN-CBMR-Kilpelainen-Group/Team projects/Hermina_and_Mario/IR_BW_AIM4/CODE/2_Genetic_Correlations/MUNGED_DATA/MBW_4_LDSC.txt.sumstats.gz  0.0793  0.1437  0.5521  0.5809  0.0938     0.0054  1.0292     0.0131   -0.0005       0.0054

Analysis finished at Thu Feb 24 13:27:22 2022
Total time elapsed: 27.55s
