*********************************************************************
* LD Score Regression (LDSC)
* Version 1.0.1
* (C) 2014-2019 Brendan Bulik-Sullivan and Hilary Finucane
* Broad Institute of MIT and Harvard / MIT Department of Mathematics
* GNU General Public License v3
*********************************************************************
Call: 
./ldsc.py \
--ref-ld-chr eur_w_ld_chr/ \
--out J:/CBMR/SUN-CBMR-Kilpelainen-Group/Team projects/Hermina_and_Mario/IR_BW_AIM4/CODE/2_Genetic_Correlations/output/LDSC/CIRadjISI_MBWadj_LDSC.txt \
--rg J:/CBMR/SUN-CBMR-Kilpelainen-Group/Team projects/Hermina_and_Mario/IR_BW_AIM4/CODE/2_Genetic_Correlations/MUNGED_DATA/CIRadjISI_4_LDSC.txt.sumstats.gz,J:/CBMR/SUN-CBMR-Kilpelainen-Group/Team projects/Hermina_and_Mario/IR_BW_AIM4/CODE/2_Genetic_Correlations/MUNGED_DATA/MBWadj_4_LDSC.txt.sumstats.gz \
--w-ld-chr eur_w_ld_chr/ 

Beginning analysis at Thu Feb 24 13:29:01 2022
Reading summary statistics from J:/CBMR/SUN-CBMR-Kilpelainen-Group/Team projects/Hermina_and_Mario/IR_BW_AIM4/CODE/2_Genetic_Correlations/MUNGED_DATA/CIRadjISI_4_LDSC.txt.sumstats.gz ...
Read summary statistics for 1054650 SNPs.
Reading reference panel LD Score from eur_w_ld_chr/[1-22] ... (ldscore_fromlist)
Read reference panel LD Scores for 1290028 SNPs.
Removing partitioned LD Scores with zero variance.
Reading regression weight LD Score from eur_w_ld_chr/[1-22] ... (ldscore_fromlist)
Read regression weight LD Scores for 1290028 SNPs.
After merging with reference panel LD, 1053062 SNPs remain.
After merging with regression SNP LD, 1053062 SNPs remain.
Computing rg for phenotype 2/2
Reading summary statistics from J:/CBMR/SUN-CBMR-Kilpelainen-Group/Team projects/Hermina_and_Mario/IR_BW_AIM4/CODE/2_Genetic_Correlations/MUNGED_DATA/MBWadj_4_LDSC.txt.sumstats.gz ...
Read summary statistics for 1217311 SNPs.
After merging with summary statistics, 1053062 SNPs remain.
1051950 SNPs with valid alleles.

Heritability of phenotype 1
---------------------------
Total Observed scale h2: 0.0956 (0.0934)
Lambda GC: 1.0105
Mean Chi^2: 1.0144
Intercept: 1.0054 (0.0065)
Ratio: 0.3743 (0.4513)

Heritability of phenotype 2/2
-----------------------------
Total Observed scale h2: 0.0401 (0.0036)
Lambda GC: 1.1491
Mean Chi^2: 1.1921
Intercept: 1.024 (0.0087)
Ratio: 0.1248 (0.0455)

Genetic Covariance
------------------
Total Observed scale gencov: -0.0106 (0.0112)
Mean z1*z2: -0.0072
Intercept: -0.0002 (0.0049)

Genetic Correlation
-------------------
Genetic Correlation: -0.1715 (0.1964)
Z-score: -0.8732
P: 0.3825


Summary of Genetic Correlation Results
                                                                                                                                                     p1                                                                                                                                                   p2      rg      se       z       p  h2_obs  h2_obs_se  h2_int  h2_int_se  gcov_int  gcov_int_se
 J:/CBMR/SUN-CBMR-Kilpelainen-Group/Team projects/Hermina_and_Mario/IR_BW_AIM4/CODE/2_Genetic_Correlations/MUNGED_DATA/CIRadjISI_4_LDSC.txt.sumstats.gz  J:/CBMR/SUN-CBMR-Kilpelainen-Group/Team projects/Hermina_and_Mario/IR_BW_AIM4/CODE/2_Genetic_Correlations/MUNGED_DATA/MBWadj_4_LDSC.txt.sumstats.gz -0.1715  0.1964 -0.8732  0.3825  0.0401     0.0036   1.024     0.0087   -0.0002       0.0049

Analysis finished at Thu Feb 24 13:29:52 2022
Total time elapsed: 50.24s
