*********************************************************************
* LD Score Regression (LDSC)
* Version 1.0.1
* (C) 2014-2019 Brendan Bulik-Sullivan and Hilary Finucane
* Broad Institute of MIT and Harvard / MIT Department of Mathematics
* GNU General Public License v3
*********************************************************************
Call: 
./ldsc.py \
--ref-ld-chr eur_w_ld_chr/ \
--out J:/CBMR/SUN-CBMR-Kilpelainen-Group/Team projects/Hermina_and_Mario/IR_BW_AIM4/CODE/2_Genetic_Correlations/output/LDSC/DI_Father_LDSC.txt \
--rg J:/CBMR/SUN-CBMR-Kilpelainen-Group/Team projects/Hermina_and_Mario/IR_BW_AIM4/CODE/2_Genetic_Correlations/MUNGED_DATA/DI_4_LDSC.txt.sumstats.gz,J:/CBMR/SUN-CBMR-Kilpelainen-Group/Team projects/Hermina_and_Mario/IR_BW_AIM4/CODE/2_Genetic_Correlations/MUNGED_DATA/Father_4_LDSC.txt.sumstats.gz \
--w-ld-chr eur_w_ld_chr/ 

Beginning analysis at Thu Feb 24 13:31:19 2022
Reading summary statistics from J:/CBMR/SUN-CBMR-Kilpelainen-Group/Team projects/Hermina_and_Mario/IR_BW_AIM4/CODE/2_Genetic_Correlations/MUNGED_DATA/DI_4_LDSC.txt.sumstats.gz ...
Read summary statistics for 1055476 SNPs.
Reading reference panel LD Score from eur_w_ld_chr/[1-22] ... (ldscore_fromlist)
Read reference panel LD Scores for 1290028 SNPs.
Removing partitioned LD Scores with zero variance.
Reading regression weight LD Score from eur_w_ld_chr/[1-22] ... (ldscore_fromlist)
Read regression weight LD Scores for 1290028 SNPs.
After merging with reference panel LD, 1053826 SNPs remain.
After merging with regression SNP LD, 1053826 SNPs remain.
Computing rg for phenotype 2/2
Reading summary statistics from J:/CBMR/SUN-CBMR-Kilpelainen-Group/Team projects/Hermina_and_Mario/IR_BW_AIM4/CODE/2_Genetic_Correlations/MUNGED_DATA/Father_4_LDSC.txt.sumstats.gz ...
Read summary statistics for 1217311 SNPs.
After merging with summary statistics, 1053826 SNPs remain.
1032250 SNPs with valid alleles.

Heritability of phenotype 1
---------------------------
Total Observed scale h2: 0.1191 (0.0853)
Lambda GC: 1.0105
Mean Chi^2: 1.0156
Intercept: 1.0036 (0.0068)
Ratio: 0.2287 (0.4397)

Heritability of phenotype 2/2
-----------------------------
Total Observed scale h2: 0.0465 (0.0097)
Lambda GC: 1.1396
Mean Chi^2: 1.1512
Intercept: 1.0958 (0.0087)
Ratio: 0.6337 (0.0577)

Genetic Covariance
------------------
Total Observed scale gencov: 0.027 (0.0224)
Mean z1*z2: 0.0099
Intercept: 0.0008 (0.0053)

Genetic Correlation
-------------------
Genetic Correlation: 0.3633 (0.3194)
Z-score: 1.1373
P: 0.2554


Summary of Genetic Correlation Results
                                                                                                                                              p1                                                                                                                                                   p2      rg      se       z       p  h2_obs  h2_obs_se  h2_int  h2_int_se  gcov_int  gcov_int_se
 J:/CBMR/SUN-CBMR-Kilpelainen-Group/Team projects/Hermina_and_Mario/IR_BW_AIM4/CODE/2_Genetic_Correlations/MUNGED_DATA/DI_4_LDSC.txt.sumstats.gz  J:/CBMR/SUN-CBMR-Kilpelainen-Group/Team projects/Hermina_and_Mario/IR_BW_AIM4/CODE/2_Genetic_Correlations/MUNGED_DATA/Father_4_LDSC.txt.sumstats.gz  0.3633  0.3194  1.1373  0.2554  0.0465     0.0097  1.0958     0.0087    0.0008       0.0053

Analysis finished at Thu Feb 24 13:31:55 2022
Total time elapsed: 36.71s
